"\t\t\t\t\tWelcome To The PFM!\r"
+ "\n\r"
+ "\n1) New User\r"
+ "\n2) Existing User\r"
+ "\n\r"
+ "\nPlease Select An Option: >>option\r"
+ "\n*************************************Select \'New User\'\r"
+ "\nPlease Enter A Username: >>username\r"
+ "\nPlease Enter A Password: >>password\r"
+ "\n*************************************EXCEPTION: Username Already Taken\r"
+ "\n\t\t\t\tThis Username Already Exists!\r"
+ "\nPlease Choose A Different Username.\r"
+ "\nPlease Enter A Username: >>username\r"
+ "\nPlease Enter A Password: >>password\r"
+ "\n*************************************Select \'Existing User\'\r"
+ "\n\t\t\t\t\tPlease Log In.\r"
+ "\nUsername: >>username\r"
+ "\nPassword: >>password\r"
+ "\n*************************************EXCEPTION: Incorrect Login\r"
+ "\n\t\t\t\tIncorrect Information!\r"
+ "\nPlease Try Again.\r"
+ "\nUsername: >>username\r"
+ "\nPassword: >>password\r"
+ "\n*************************************Correct Login\r"
+ "\n\t\t\t\t\tWelcome, " + \*name + *\"!\r"
+ "\n\t\t\t\t- Net Worth: " + \*amtHeld + *\" + " + \*stockHoldings + *\" + " + \*availableFunds + *\" - " + \*amtOwed + *\"\r"
+ "\n\r"
+ "\n1) View Accounts\r"
+ "\n2) View Portfolio\r"
+ "\n3) Delete Profile\r"
+ "\n4) Log Out\r"
+ "\n\r"
+ "\nPlease Select An Option: >>option\r"
+ "\n*************************************Select \'View Accounts\'\r"
+ "\n\t\t\t\t\t" + \*name + *\"\'s Accounts\r"
+ "\n\t\t\t\t- Amount Held: " + \*amtHeld + *\"\r"
+ "\n\t\t\t\t- Amount Owed: " + \*amtOwed + *\"\r"
+ "\n\r"
+ "\n1) Back\r"
+ "\n2) Create Account\r"
+ "\n3) Close Account\r"
+ "\n3) View " + \*Account1 + *\"\r"
+ "\n4) View " + \*Account2 + *\"\r"
+ "\netc.\r"
+ "\n\r"
+ "\nPlease Select An Option: >>option\r"
+ "\n*************************************Select \'Create Account\'\r"
+ "\n1) Back\r"
+ "\n2) Checking Account\r"
+ "\n3) Savings Account\r"
+ "\n3) Credit Account\r"
+ "\n4) Loan Account\r"
+ "\n\r"
+ "\nPlease Select An Account Type: >>option\r"
+ "\n\r"
+ "\nAccount Name: >>accountName\r"
+ "\nStarting Balance: >>startingBalance\r"
+ "\n(if !CheckingAccount)Monthly Interest Rate: >>interestRate\r"
+ "\n(if CreditAccount)Credit Limit: >>creditLimit\r"
+ "\n\r"
+ "\n\t\t\t\t\tAccount Created!\r"
+ "\n*************************************Select \'Close Account\'\r"
+ "\n1) Back\r"
+ "\n2) " + \*Account1 + *\"\r"
+ "\n3) " + \*Account2 + *\"\r"
+ "\netc.\r"
+ "\n\r"
+ "\nSelect Account To Be Closed: >>option\r"
+ "\nAre you sure you want to close this account?\r"
+ "\nThe account will not be deleted, but it will become inactive.\r"
+ "\n(y/n): >>option\r"
+ "\n\r"
+ "\n\t\t\t\t\tAccount Closed!\r"
+ "\n*************************************Select \'View Account\'\r"
+ "\n" + \*accountName + *\"\r"
+ "\nType: " + \*accountType + *\"\r"
+ "\nCurrent Balance: " + \*balance + *\"\r"
+ "\n(if !CheckingAccount)Interest Rate: " + \*interestRate + *\"\r"
+ "\n(if CreditAccount)Credit Limit: " + \*creditLimit + *\"\r"
+ "\n\r"
+ "\n1) Back\r"
+ "\n2) View Transactions\r"
+ "\n3) New Transaction\r"
+ "\n\r"
+ "\nPlease Select An Option: >>option\r"
+ "\n*************************************Select \'View Transactions\'\r"
+ "\n1) Back\r"
+ "\n2) All Transactions\r"
+ "\n3) Select Transactions By Date\r"
+ "\n4) Select Transactions By Vendor\r"
+ "\n5) Select Transactions By Category\r"
+ "\n\r"
+ "\nPlease Select An Option: >>option\r"
+ "\n*************************************Select \'All Transactions\'\r"
+ "\n\t\t\t\tTransactions in " + \*accountName + *\"\r"
+ "\n\r"
+ "\n1) " + \*date1 + *\"\r"
+ "\n\$" + \*amt1 + *\" to " + \*vendor1 + *\"\r"
+ "\nCategory: " + \*cat1 + *\"\r"
+ "\n\r"
+ "\n2) etc.\r"
+ "\n...\r"
+ "\n\r"
+ "\n1) Back\r"
+ "\n2) Delete Transaction\r"
+ "\n\r"
+ "\nPlease Select An Option: >>option\r"
+ "\n*************************************Select \'Delete Transaction\'\r"
+ "\nSelect Transaction To Be Deleted: >>option\r"
+ "\n\r"
+ "\nAre you absolutely sure you want to delete transaction " + \*option? + *\"\r"
+ "\nThe specified Transaction data will be permanently erased.\r"
+ "\n(y/n): >>option\r"
+ "\n\r"
+ "\n\t\t\t\t\tTransaction Deleted!\r"
+ "\n*************************************Select \'Select Transactions By Date\'\r"
+ "\nStart Date\r"
+ "\nYear: >>y1\r"
+ "\nMonth: >>m1\r"
+ "\nDay: >>d1\r"
+ "\n\r"
+ "\nEnd Date\r"
+ "\nYear: >>y2\r"
+ "\nMonth: >>m2\r"
+ "\nDay: >>d2\r"
+ "\n\r"
+ "\n\t\t\t\tTransactions in " + \*accountName + *\"\r"
+ "\n\t\t\tFrom " + \*d1/#m1/#y1 + *\" to " + \*d2/#m2/#y2 + *\"\r"
+ "\n\r"
+ "\n1) " + \*date1 + *\"\r"
+ "\n\$" + \*amt1 + *\" to " + \*vendor1 + *\"\r"
+ "\nCategory: " + \*cat1 + *\"\r"
+ "\n\r"
+ "\n2) etc.\r"
+ "\n...\r"
+ "\n\r"
+ "\n1) (to \'View Transactions\' Page)Back\r"
+ "\n2) Delete Transaction\r"
+ "\n\r"
+ "\nPlease Select An Option: >>option\r"
+ "\n*************************************Select \'Delete Transaction\'\r"
+ "\nSelect Transaction To Be Deleted: >>option\r"
+ "\n\r"
+ "\nAre you absolutely sure you want to delete transaction " + \*option? + *\"\r"
+ "\nThe specified Transaction data will be permanently erased.\r"
+ "\n(y/n): >>option\r"
+ "\n\r"
+ "\n\t\t\t\t\tTransaction Deleted!\r"
+ "\n*************************************Select \'Select Transactions By Vendor\'\r"
+ "\nVendor: >>vendor\r"
+ "\n\r"
+ "\n\t\t\t\tTransactions in " + \*accountName + *\"\r"
+ "\n\t\t\t\t\t\tTo " + \*vendor + *\"\r"
+ "\n\r"
+ "\n1) " + \*date1 + *\"\r"
+ "\n\$" + \*amt1 + *\" to " + \*vendor + *\"\r"
+ "\nCategory: " + \*cat1 + *\"\r"
+ "\n\r"
+ "\n2) etc.\r"
+ "\n...\r"
+ "\n\r"
+ "\n1) (to \'View Transactions\' Page)Back\r"
+ "\n2) Delete Transaction\r"
+ "\n\r"
+ "\nPlease Select An Option: >>option\r"
+ "\n*************************************Select \'Delete Transaction\'\r"
+ "\nSelect Transaction To Be Deleted: >>option\r"
+ "\n\r"
+ "\nAre you absolutely sure you want to delete transaction " + \*option? + *\"\r"
+ "\nThe specified Transaction data will be permanently erased.\r"
+ "\n(y/n): >>option\r"
+ "\n\r"
+ "\n\t\t\t\t\tTransaction Deleted!\r"
+ "\n*************************************Select \'Select Transactions By Category\'\r"
+ "\nCategory: >>category\r"
+ "\n\r"
+ "\n\t\t\tTransactions in " + \*accountName + *\"\r"
+ "\n\t\t\t\t\tIn " + \*category + *\"\r"
+ "\n\r"
+ "\n1) " + \*date1 + *\"\r"
+ "\n\$" + \*amt1 + *\" to " + \*vendor1 + *\"\r"
+ "\nCategory: " + \*category + *\"\r"
+ "\n\r"
+ "\n2) etc.\r"
+ "\n...\r"
+ "\n\r"
+ "\n1) (to \'View Transactions\' Page)Back\r"
+ "\n2) Delete Transaction\r"
+ "\n\r"
+ "\nPlease Select An Option: >>option\r"
+ "\n*************************************Select \'Delete Transaction\'\r"
+ "\nSelect Transaction To Be Deleted: >>option\r"
+ "\n\r"
+ "\nAre you absolutely sure you want to delete transaction " + \*option? + *\"\r"
+ "\nThe specified Transaction data will be permanently erased.\r"
+ "\n(y/n): >>option\r"
+ "\n\r"
+ "\n\t\t\t\t\tTransaction Deleted!\r"
+ "\n*************************************Select \'New Transaction\'\r"
+ "\n(text will depend on " + \*accountType)Amount: + *\" >>amount\r"
+ "\nVendor: >>vendor\r"
+ "\nCategory: >>category\r"
+ "\n*************************************Select \'View Portfolio\'\r"
+ "\n" + \*name + *\"\'s Portfolio\r"
+ "\n- Available Funds For Investment: " + \*availableFunds + *\"\r"
+ "\n- Net Profit: " + \*netProfit + *\"\r"
+ "\n- Stock Holdings: " + \*stockHoldings + *\"\r"
+ "\n\r"
+ "\n1) Back\r"
+ "\n4) View Holdings\r"
+ "\n2) View Trade History\r"
+ "\n3) Buy\r"
+ "\n4) Sell\r"
+ "\n\r"
+ "\nPlease Select An Option: >>option\r"
+ "\n*************************************Select \'View Holdings\'\r"
+ "\n1) " + \*company1 + *\"\r"
+ "\nShares: " + \*numShares1 + *\" at " + \*price1 + *\"\r"
+ "\nTotal: " + \*numShares1 + *\" * " + \*price1 + *\"\r"
+ "\n\r"
+ "\n2) etc.\r"
+ "\n...\r"
+ "\n\r"
+ "\n1) Back\r"
+ "\n\r"
+ "\nPlease Select An Option: >>option\r"
+ "\n*************************************Select \'View Trade History\'\r"
+ "\n1) " + \*date1 + *\"\r"
+ "\n(if buy)Bought(if sell)Sold " + \*numShares1 + *\" in " + \*company1 + *\" at " + \*price1 + *\"\r"
+ "\n\r"
+ "\n2) etc.\r"
+ "\n...\r"
+ "\n\r"
+ "\n1) Back\r"
+ "\n\r"
+ "\nPlease Select An Option: >>option\r"
+ "\n*************************************Select \'Buy\' or \'Sell\'\r"
+ "\nAvailable Funds For Investment: " + \*availableFunds + *\"\r"
+ "\n\r"
+ "\nCompany: >>company\r"
+ "\n(Get share price from Google Finance)\r"
+ "\nCurrent Share Price: " + \*price + *\"\r"
+ "\nCurrent Holdings of " + \*company: + *\" " + \*numShares1 + *\"\r"
+ "\n\r"
+ "\nNumber Of Shares To Be (if buy)Bought(if sell)Sold: >>num\r"
+ "\nThis will (if buy)Cost(if sell)Yield \$" + \*num + *\" * " + \*price + *\", confirm (y/n): >>option\r"
+ "\n\r"
+ "\n(adjust " + \*availableFunds) + *\"\r"
+ "\n\t\t\t\t\tTrade Successful!\t\t\t\r"
+ "\n*************************************Select \'Delete Profile\'\r"
+ "\nAre you absolutely sure you want to delete " + \*name + *\"\'s profile?\r"
+ "\nAll account and portfolio data will be permanently erased.\r"
+ "\n(y/n): >>option\r"
+ "\n\r"
+ "\n\t\t\t\t\tProfile Deleted!"